This is pdfTeX, Version 3.14159265-2.6-1.40.18 (TeX Live 2017/Debian) (preloaded format=pdflatex 2018.10.15)  7 SEP 2019 11:38
entering extended mode
 \write18 enabled.
 %&-line parsing enabled.
**project.tex
(./project.tex
LaTeX2e <2017-04-15>
Babel <3.18> and hyphenation patterns for 84 language(s) loaded.
(/usr/share/texlive/texmf-dist/tex/latex/base/article.cls
Document Class: article 2014/09/29 v1.4h Standard LaTeX document class
(/usr/share/texlive/texmf-dist/tex/latex/base/size10.clo
File: size10.clo 2014/09/29 v1.4h Standard LaTeX file (size option)
)
\c@part=\count79
\c@section=\count80
\c@subsection=\count81
\c@subsubsection=\count82
\c@paragraph=\count83
\c@subparagraph=\count84
\c@figure=\count85
\c@table=\count86
\abovecaptionskip=\skip41
\belowcaptionskip=\skip42
\bibindent=\dimen102
)
(/usr/share/texlive/texmf-dist/tex/latex/subfig/subfig.sty
Package: subfig 2005/06/28 ver: 1.3 subfig package

(/usr/share/texlive/texmf-dist/tex/latex/graphics/keyval.sty
Package: keyval 2014/10/28 v1.15 key=value parser (DPC)
\KV@toks@=\toks14
)
(/usr/share/texlive/texmf-dist/tex/latex/caption/caption.sty
Package: caption 2016/02/21 v3.3-144 Customizing captions (AR)

(/usr/share/texlive/texmf-dist/tex/latex/caption/caption3.sty
Package: caption3 2016/05/22 v1.7-166 caption3 kernel (AR)
Package caption3 Info: TeX engine: e-TeX on input line 67.
\captionmargin=\dimen103
\captionmargin@=\dimen104
\captionwidth=\dimen105
\caption@tempdima=\dimen106
\caption@indent=\dimen107
\caption@parindent=\dimen108
\caption@hangindent=\dimen109
)
\c@ContinuedFloat=\count87
)
\c@KVtest=\count88
\sf@farskip=\skip43
\sf@captopadj=\dimen110
\sf@capskip=\skip44
\sf@nearskip=\skip45
\c@subfigure=\count89
\c@subfigure@save=\count90
\c@lofdepth=\count91
\c@subtable=\count92
\c@subtable@save=\count93
\c@lotdepth=\count94
\sf@top=\skip46
\sf@bottom=\skip47
)
(/usr/share/texlive/texmf-dist/tex/latex/float/float.sty
Package: float 2001/11/08 v1.3d Float enhancements (AL)
\c@float@type=\count95
\float@exts=\toks15
\float@box=\box26
\@float@everytoks=\toks16
\@floatcapt=\box27
)
(/usr/share/texlive/texmf-dist/tex/latex/graphics/graphicx.sty
Package: graphicx 2017/06/01 v1.1a Enhanced LaTeX Graphics (DPC,SPQR)

(/usr/share/texlive/texmf-dist/tex/latex/graphics/graphics.sty
Package: graphics 2017/06/25 v1.2c Standard LaTeX Graphics (DPC,SPQR)

(/usr/share/texlive/texmf-dist/tex/latex/graphics/trig.sty
Package: trig 2016/01/03 v1.10 sin cos tan (DPC)
)
(/usr/share/texlive/texmf-dist/tex/latex/graphics-cfg/graphics.cfg
File: graphics.cfg 2016/06/04 v1.11 sample graphics configuration
)
Package graphics Info: Driver file: pdftex.def on input line 99.

(/usr/share/texlive/texmf-dist/tex/latex/graphics-def/pdftex.def
File: pdftex.def 2018/01/08 v1.0l Graphics/color driver for pdftex
))
\Gin@req@height=\dimen111
\Gin@req@width=\dimen112
)
(/usr/share/texlive/texmf-dist/tex/latex/algorithms/algorithm.sty
Package: algorithm 2009/08/24 v0.1 Document Style `algorithm' - floating enviro
nment

(/usr/share/texlive/texmf-dist/tex/latex/base/ifthen.sty
Package: ifthen 2014/09/29 v1.1c Standard LaTeX ifthen package (DPC)
)
\@float@every@algorithm=\toks17
\c@algorithm=\count96
)
(/usr/share/texlive/texmf-dist/tex/latex/algorithmicx/algpseudocode.sty
Package: algpseudocode 

(/usr/share/texlive/texmf-dist/tex/latex/algorithmicx/algorithmicx.sty
Package: algorithmicx 2005/04/27 v1.2 Algorithmicx

Document Style algorithmicx 1.2 - a greatly improved `algorithmic' style
\c@ALG@line=\count97
\c@ALG@rem=\count98
\c@ALG@nested=\count99
\ALG@tlm=\skip48
\ALG@thistlm=\skip49
\c@ALG@Lnr=\count100
\c@ALG@blocknr=\count101
\c@ALG@storecount=\count102
\c@ALG@tmpcounter=\count103
\ALG@tmplength=\skip50
)
Document Style - pseudocode environments for use with the `algorithmicx' style
) (/usr/share/texlive/texmf-dist/tex/latex/changepage/changepage.sty
Package: changepage 2009/10/20 v1.0c check page and change page layout
\c@cp@cntr=\count104
\cp@tempcnt=\count105
)
(./project.aux)
\openout1 = `project.aux'.

LaTeX Font Info:    Checking defaults for OML/cmm/m/it on input line 11.
LaTeX Font Info:    ... okay on input line 11.
LaTeX Font Info:    Checking defaults for T1/cmr/m/n on input line 11.
LaTeX Font Info:    ... okay on input line 11.
LaTeX Font Info:    Checking defaults for OT1/cmr/m/n on input line 11.
LaTeX Font Info:    ... okay on input line 11.
LaTeX Font Info:    Checking defaults for OMS/cmsy/m/n on input line 11.
LaTeX Font Info:    ... okay on input line 11.
LaTeX Font Info:    Checking defaults for OMX/cmex/m/n on input line 11.
LaTeX Font Info:    ... okay on input line 11.
LaTeX Font Info:    Checking defaults for U/cmr/m/n on input line 11.
LaTeX Font Info:    ... okay on input line 11.
Package caption Info: Begin \AtBeginDocument code.
Package caption Info: subfig package v1.3 is loaded.
Package caption Info: float package is loaded.
Package caption Info: End \AtBeginDocument code.

(/usr/share/texlive/texmf-dist/tex/context/base/mkii/supp-pdf.mkii
[Loading MPS to PDF converter (version 2006.09.02).]
\scratchcounter=\count106
\scratchdimen=\dimen113
\scratchbox=\box28
\nofMPsegments=\count107
\nofMParguments=\count108
\everyMPshowfont=\toks18
\MPscratchCnt=\count109
\MPscratchDim=\dimen114
\MPnumerator=\count110
\makeMPintoPDFobject=\count111
\everyMPtoPDFconversion=\toks19
) (/usr/share/texlive/texmf-dist/tex/latex/oberdiek/epstopdf-base.sty
Package: epstopdf-base 2016/05/15 v2.6 Base part for package epstopdf

(/usr/share/texlive/texmf-dist/tex/generic/oberdiek/infwarerr.sty
Package: infwarerr 2016/05/16 v1.4 Providing info/warning/error messages (HO)
)
(/usr/share/texlive/texmf-dist/tex/latex/oberdiek/grfext.sty
Package: grfext 2016/05/16 v1.2 Manage graphics extensions (HO)

(/usr/share/texlive/texmf-dist/tex/generic/oberdiek/kvdefinekeys.sty
Package: kvdefinekeys 2016/05/16 v1.4 Define keys (HO)

(/usr/share/texlive/texmf-dist/tex/generic/oberdiek/ltxcmds.sty
Package: ltxcmds 2016/05/16 v1.23 LaTeX kernel commands for general use (HO)
)))
(/usr/share/texlive/texmf-dist/tex/latex/oberdiek/kvoptions.sty
Package: kvoptions 2016/05/16 v3.12 Key value format for package options (HO)

(/usr/share/texlive/texmf-dist/tex/generic/oberdiek/kvsetkeys.sty
Package: kvsetkeys 2016/05/16 v1.17 Key value parser (HO)

(/usr/share/texlive/texmf-dist/tex/generic/oberdiek/etexcmds.sty
Package: etexcmds 2016/05/16 v1.6 Avoid name clashes with e-TeX commands (HO)

(/usr/share/texlive/texmf-dist/tex/generic/oberdiek/ifluatex.sty
Package: ifluatex 2016/05/16 v1.4 Provides the ifluatex switch (HO)
Package ifluatex Info: LuaTeX not detected.
)
Package etexcmds Info: Could not find \expanded.
(etexcmds)             That can mean that you are not using pdfTeX 1.50 or
(etexcmds)             that some package has redefined \expanded.
(etexcmds)             In the latter case, load this package earlier.
)))
(/usr/share/texlive/texmf-dist/tex/generic/oberdiek/pdftexcmds.sty
Package: pdftexcmds 2018/01/21 v0.26 Utility functions of pdfTeX for LuaTeX (HO
)

(/usr/share/texlive/texmf-dist/tex/generic/oberdiek/ifpdf.sty
Package: ifpdf 2017/03/15 v3.2 Provides the ifpdf switch
)
Package pdftexcmds Info: LuaTeX not detected.
Package pdftexcmds Info: \pdf@primitive is available.
Package pdftexcmds Info: \pdf@ifprimitive is available.
Package pdftexcmds Info: \pdfdraftmode found.
)
Package epstopdf-base Info: Redefining graphics rule for `.eps' on input line 4
38.
Package grfext Info: Graphics extension search list:
(grfext)             [.pdf,.png,.jpg,.mps,.jpeg,.jbig2,.jb2,.PDF,.PNG,.JPG,.JPE
G,.JBIG2,.JB2,.eps]
(grfext)             \AppendGraphicsExtensions on input line 456.

(/usr/share/texlive/texmf-dist/tex/latex/latexconfig/epstopdf-sys.cfg
File: epstopdf-sys.cfg 2010/07/13 v1.3 Configuration of (r)epstopdf for TeX Liv
e
))
<tesiSCIENZE_TECNOLOGIE.jpg, id=1, 88.1694pt x 84.5559pt>
File: tesiSCIENZE_TECNOLOGIE.jpg Graphic file (type jpg)
<use tesiSCIENZE_TECNOLOGIE.jpg>
Package pdftex.def Info: tesiSCIENZE_TECNOLOGIE.jpg  used on input line 24.
(pdftex.def)             Requested size: 103.50105pt x 99.26413pt.

[1

{/var/lib/texmf/fonts/map/pdftex/updmap/pdftex.map} <./tesiSCIENZE_TECNOLOGIE.j
pg>] (./project.toc
LaTeX Font Info:    External font `cmex10' loaded for size
(Font)              <7> on input line 3.
LaTeX Font Info:    External font `cmex10' loaded for size
(Font)              <5> on input line 3.
)
\tf@toc=\write3
\openout3 = `project.toc'.

 (./project.lot)
\tf@lot=\write4
\openout4 = `project.lot'.

 (./project.lof)
\tf@lof=\write5
\openout5 = `project.lof'.

 [1]
Underfull \hbox (badness 10000) in paragraph at lines 53--60

 []


Underfull \hbox (badness 10000) in paragraph at lines 61--68

 []


Underfull \hbox (badness 10000) in paragraph at lines 61--68

 []

LaTeX Font Info:    Try loading font information for OMS+cmr on input line 71.
(/usr/share/texlive/texmf-dist/tex/latex/base/omscmr.fd
File: omscmr.fd 2014/09/29 v2.5h Standard LaTeX font definitions
)
LaTeX Font Info:    Font shape `OMS/cmr/m/n' in size <10> not available
(Font)              Font shape `OMS/cmsy/m/n' tried instead on input line 71.

Overfull \hbox (8.13953pt too wide) in paragraph at lines 71--72
[]\OT1/cmr/m/n/10 analyze the clas-si-fi-ca-tion per-for-mance of the knn and s
vm us-ing the grayscale
 []


Overfull \hbox (8.13953pt too wide) in paragraph at lines 72--73
[]\OT1/cmr/m/n/10 analyze the clas-si-fi-ca-tion per-for-mance of the knn and s
vm us-ing the grayscale
 []

[1]
LaTeX Font Info:    External font `cmex10' loaded for size
(Font)              <8> on input line 82.
LaTeX Font Info:    External font `cmex10' loaded for size
(Font)              <6> on input line 82.
 [2]
<../cumulative_variance_graysalce.pdf, id=26, 597.23125pt x 844.15375pt>
File: ../cumulative_variance_graysalce.pdf Graphic file (type pdf)
<use ../cumulative_variance_graysalce.pdf>
Package pdftex.def Info: ../cumulative_variance_graysalce.pdf  used on input li
ne 127.
(pdftex.def)             Requested size: 179.17075pt x 253.24808pt.
<../cumulative_variance_grb.pdf, id=27, 597.23125pt x 844.15375pt>
File: ../cumulative_variance_grb.pdf Graphic file (type pdf)
<use ../cumulative_variance_grb.pdf>
Package pdftex.def Info: ../cumulative_variance_grb.pdf  used on input line 130
.
(pdftex.def)             Requested size: 179.17075pt x 253.24808pt.
 [3]
Underfull \hbox (badness 10000) in paragraph at lines 136--137

 []

[4 <../cumulative_variance_graysalce.pdf> <../cumulative_variance_grb.pdf>]
<../knn_accuracy_grayscale.pdf, id=47, 597.23125pt x 844.15375pt>
File: ../knn_accuracy_grayscale.pdf Graphic file (type pdf)
<use ../knn_accuracy_grayscale.pdf>
Package pdftex.def Info: ../knn_accuracy_grayscale.pdf  used on input line 148.

(pdftex.def)             Requested size: 209.03406pt x 295.45824pt.
<../knn_accuracy_rgb.pdf, id=48, 597.23125pt x 844.15375pt>
File: ../knn_accuracy_rgb.pdf Graphic file (type pdf)
<use ../knn_accuracy_rgb.pdf>
Package pdftex.def Info: ../knn_accuracy_rgb.pdf  used on input line 151.
(pdftex.def)             Requested size: 209.03406pt x 295.45824pt.
<../knn_time_grayscale.pdf, id=49, 597.23125pt x 844.15375pt>
File: ../knn_time_grayscale.pdf Graphic file (type pdf)
<use ../knn_time_grayscale.pdf>
Package pdftex.def Info: ../knn_time_grayscale.pdf  used on input line 165.
(pdftex.def)             Requested size: 179.17075pt x 253.24808pt.
<../knn_time_rgb.pdf, id=50, 597.23125pt x 844.15375pt>
File: ../knn_time_rgb.pdf Graphic file (type pdf)
<use ../knn_time_rgb.pdf>
Package pdftex.def Info: ../knn_time_rgb.pdf  used on input line 168.
(pdftex.def)             Requested size: 179.17075pt x 253.24808pt.

[5 <../knn_accuracy_grayscale.pdf> <../knn_accuracy_rgb.pdf>]
<../svm_accuracy_grayscale.pdf, id=67, 597.23125pt x 844.15375pt>
File: ../svm_accuracy_grayscale.pdf Graphic file (type pdf)
<use ../svm_accuracy_grayscale.pdf>
Package pdftex.def Info: ../svm_accuracy_grayscale.pdf  used on input line 180.

(pdftex.def)             Requested size: 179.17075pt x 253.24808pt.
<../svm_accuracy_rgb.pdf, id=68, 597.23125pt x 844.15375pt>
File: ../svm_accuracy_rgb.pdf Graphic file (type pdf)
<use ../svm_accuracy_rgb.pdf>
Package pdftex.def Info: ../svm_accuracy_rgb.pdf  used on input line 183.
(pdftex.def)             Requested size: 179.17075pt x 253.24808pt.
 [6 <../knn_time_grayscale.pdf> <../knn_time_rgb.pdf>]
<../svm_time_grayscale.pdf, id=84, 597.23125pt x 844.15375pt>
File: ../svm_time_grayscale.pdf Graphic file (type pdf)
<use ../svm_time_grayscale.pdf>
Package pdftex.def Info: ../svm_time_grayscale.pdf  used on input line 194.
(pdftex.def)             Requested size: 179.17075pt x 253.24808pt.
<../svm_time_rgb.pdf, id=85, 597.23125pt x 844.15375pt>
File: ../svm_time_rgb.pdf Graphic file (type pdf)
<use ../svm_time_rgb.pdf>
Package pdftex.def Info: ../svm_time_rgb.pdf  used on input line 197.
(pdftex.def)             Requested size: 179.17075pt x 253.24808pt.
 [7 <../svm_accuracy_grayscale.pdf> <../svm_accuracy_rgb.pdf>] [8 <../svm_time_
grayscale.pdf> <../svm_time_rgb.pdf>]
[9] (./project.aux) ) 
Here is how much of TeX's memory you used:
 3385 strings out of 492982
 53849 string characters out of 6134895
 107033 words of memory out of 5000000
 6904 multiletter control sequences out of 15000+600000
 7628 words of font info for 27 fonts, out of 8000000 for 9000
 1141 hyphenation exceptions out of 8191
 44i,8n,42p,647b,362s stack positions out of 5000i,500n,10000p,200000b,80000s
</usr/share/texlive/texmf-dist/fonts/type1/public/amsfonts
/cm/cmbx10.pfb></usr/share/texlive/texmf-dist/fonts/type1/public/amsfonts/cm/cm
bx12.pfb></usr/share/texlive/texmf-dist/fonts/type1/public/amsfonts/cm/cmcsc10.
pfb></usr/share/texlive/texmf-dist/fonts/type1/public/amsfonts/cm/cmmi10.pfb></
usr/share/texlive/texmf-dist/fonts/type1/public/amsfonts/cm/cmmi7.pfb></usr/sha
re/texlive/texmf-dist/fonts/type1/public/amsfonts/cm/cmr10.pfb></usr/share/texl
ive/texmf-dist/fonts/type1/public/amsfonts/cm/cmr12.pfb></usr/share/texlive/tex
mf-dist/fonts/type1/public/amsfonts/cm/cmr6.pfb></usr/share/texlive/texmf-dist/
fonts/type1/public/amsfonts/cm/cmr7.pfb></usr/share/texlive/texmf-dist/fonts/ty
pe1/public/amsfonts/cm/cmr8.pfb></usr/share/texlive/texmf-dist/fonts/type1/publ
ic/amsfonts/cm/cmsy10.pfb></usr/share/texlive/texmf-dist/fonts/type1/public/ams
fonts/cm/cmsy7.pfb></usr/share/texlive/texmf-dist/fonts/type1/public/amsfonts/c
m/cmti10.pfb>
Output written on project.pdf (11 pages, 334448 bytes).
PDF statistics:
 162 PDF objects out of 1000 (max. 8388607)
 113 compressed objects within 2 object streams
 0 named destinations out of 1000 (max. 500000)
 56 words of extra memory for PDF output out of 10000 (max. 10000000)

